nohup: ignoring input
2024-11-29 11:05:11,912	WARNING __init__.py:10 -- PG has/have been moved to `rllib_contrib` and will no longer be maintained by the RLlib team. You can still use it/them normally inside RLlib util Ray 2.8, but from Ray 2.9 on, all `rllib_contrib` algorithms will no longer be part of the core repo, and will therefore have to be installed separately with pinned dependencies for e.g. ray[rllib] and other packages! See https://github.com/ray-project/ray/tree/master/rllib_contrib#rllib-contrib for more information on the RLlib contrib effort.
2024-11-29 11:05:11,921	WARNING __init__.py:10 -- DDPG has/have been moved to `rllib_contrib` and will no longer be maintained by the RLlib team. You can still use it/them normally inside RLlib util Ray 2.8, but from Ray 2.9 on, all `rllib_contrib` algorithms will no longer be part of the core repo, and will therefore have to be installed separately with pinned dependencies for e.g. ray[rllib] and other packages! See https://github.com/ray-project/ray/tree/master/rllib_contrib#rllib-contrib for more information on the RLlib contrib effort.
2024-11-29 11:05:13,787	INFO worker.py:1673 -- Started a local Ray instance.
2024-11-29 11:05:14,189	INFO tune.py:595 -- [output] This will use the new output engine with verbosity 1. To disable the new output and use the legacy output engine, set the environment variable RAY_AIR_NEW_OUTPUT=0. For more information, please see https://github.com/ray-project/ray/issues/36949
2024-11-29 11:05:14,190	WARNING __init__.py:10 -- A3C has/have been moved to `rllib_contrib` and will no longer be maintained by the RLlib team. You can still use it/them normally inside RLlib util Ray 2.8, but from Ray 2.9 on, all `rllib_contrib` algorithms will no longer be part of the core repo, and will therefore have to be installed separately with pinned dependencies for e.g. ray[rllib] and other packages! See https://github.com/ray-project/ray/tree/master/rllib_contrib#rllib-contrib for more information on the RLlib contrib effort.
2024-11-29 11:05:14,191	WARNING __init__.py:10 -- A2C has/have been moved to `rllib_contrib` and will no longer be maintained by the RLlib team. You can still use it/them normally inside RLlib util Ray 2.8, but from Ray 2.9 on, all `rllib_contrib` algorithms will no longer be part of the core repo, and will therefore have to be installed separately with pinned dependencies for e.g. ray[rllib] and other packages! See https://github.com/ray-project/ray/tree/master/rllib_contrib#rllib-contrib for more information on the RLlib contrib effort.
2024-11-29 11:05:14,193	WARNING __init__.py:10 -- AlphaZero has/have been moved to `rllib_contrib` and will no longer be maintained by the RLlib team. You can still use it/them normally inside RLlib util Ray 2.8, but from Ray 2.9 on, all `rllib_contrib` algorithms will no longer be part of the core repo, and will therefore have to be installed separately with pinned dependencies for e.g. ray[rllib] and other packages! See https://github.com/ray-project/ray/tree/master/rllib_contrib#rllib-contrib for more information on the RLlib contrib effort.
2024-11-29 11:05:14,195	WARNING __init__.py:10 -- ApexDQN has/have been moved to `rllib_contrib` and will no longer be maintained by the RLlib team. You can still use it/them normally inside RLlib util Ray 2.8, but from Ray 2.9 on, all `rllib_contrib` algorithms will no longer be part of the core repo, and will therefore have to be installed separately with pinned dependencies for e.g. ray[rllib] and other packages! See https://github.com/ray-project/ray/tree/master/rllib_contrib#rllib-contrib for more information on the RLlib contrib effort.
2024-11-29 11:05:14,196	WARNING __init__.py:10 -- ApexDDPG has/have been moved to `rllib_contrib` and will no longer be maintained by the RLlib team. You can still use it/them normally inside RLlib util Ray 2.8, but from Ray 2.9 on, all `rllib_contrib` algorithms will no longer be part of the core repo, and will therefore have to be installed separately with pinned dependencies for e.g. ray[rllib] and other packages! See https://github.com/ray-project/ray/tree/master/rllib_contrib#rllib-contrib for more information on the RLlib contrib effort.
2024-11-29 11:05:14,199	WARNING __init__.py:10 -- ES has/have been moved to `rllib_contrib` and will no longer be maintained by the RLlib team. You can still use it/them normally inside RLlib util Ray 2.8, but from Ray 2.9 on, all `rllib_contrib` algorithms will no longer be part of the core repo, and will therefore have to be installed separately with pinned dependencies for e.g. ray[rllib] and other packages! See https://github.com/ray-project/ray/tree/master/rllib_contrib#rllib-contrib for more information on the RLlib contrib effort.
2024-11-29 11:05:14,201	WARNING __init__.py:10 -- ARS has/have been moved to `rllib_contrib` and will no longer be maintained by the RLlib team. You can still use it/them normally inside RLlib util Ray 2.8, but from Ray 2.9 on, all `rllib_contrib` algorithms will no longer be part of the core repo, and will therefore have to be installed separately with pinned dependencies for e.g. ray[rllib] and other packages! See https://github.com/ray-project/ray/tree/master/rllib_contrib#rllib-contrib for more information on the RLlib contrib effort.
2024-11-29 11:05:14,203	WARNING __init__.py:10 -- BanditLinTS and BanditLinUCB has/have been moved to `rllib_contrib` and will no longer be maintained by the RLlib team. You can still use it/them normally inside RLlib util Ray 2.8, but from Ray 2.9 on, all `rllib_contrib` algorithms will no longer be part of the core repo, and will therefore have to be installed separately with pinned dependencies for e.g. ray[rllib] and other packages! See https://github.com/ray-project/ray/tree/master/rllib_contrib#rllib-contrib for more information on the RLlib contrib effort.
2024-11-29 11:05:14,209	WARNING __init__.py:10 -- CRR has/have been moved to `rllib_contrib` and will no longer be maintained by the RLlib team. You can still use it/them normally inside RLlib util Ray 2.8, but from Ray 2.9 on, all `rllib_contrib` algorithms will no longer be part of the core repo, and will therefore have to be installed separately with pinned dependencies for e.g. ray[rllib] and other packages! See https://github.com/ray-project/ray/tree/master/rllib_contrib#rllib-contrib for more information on the RLlib contrib effort.
2024-11-29 11:05:14,210	WARNING __init__.py:10 -- DDPPO has/have been moved to `rllib_contrib` and will no longer be maintained by the RLlib team. You can still use it/them normally inside RLlib util Ray 2.8, but from Ray 2.9 on, all `rllib_contrib` algorithms will no longer be part of the core repo, and will therefore have to be installed separately with pinned dependencies for e.g. ray[rllib] and other packages! See https://github.com/ray-project/ray/tree/master/rllib_contrib#rllib-contrib for more information on the RLlib contrib effort.
2024-11-29 11:05:14,213	WARNING __init__.py:8 -- `Dreamer(V1)` has been removed from RLlib and will no longer be maintained by the RLlib team. Use `DreamerV3` instead, which is part of the RLlib library and will continue to be maintained and supported in the future. See https://github.com/ray-project/ray/tree/master/rllib/algorithms/dreamerv3 for more information on our DreamerV3 implementation.
/local/scratch/a/jshreeku/miniconda3/envs/project_env_rl/lib/python3.10/site-packages/gymnasium/spaces/box.py:130: UserWarning: [33mWARN: Box bound precision lowered by casting to float32[0m
  gym.logger.warn(f"Box bound precision lowered by casting to {self.dtype}")
/local/scratch/a/jshreeku/miniconda3/envs/project_env_rl/lib/python3.10/site-packages/gymnasium/utils/passive_env_checker.py:164: UserWarning: [33mWARN: The obs returned by the `reset()` method was expecting numpy array dtype to be float32, actual type: float64[0m
  logger.warn(
/local/scratch/a/jshreeku/miniconda3/envs/project_env_rl/lib/python3.10/site-packages/gymnasium/utils/passive_env_checker.py:188: UserWarning: [33mWARN: The obs returned by the `reset()` method is not within the observation space.[0m
  logger.warn(f"{pre} is not within the observation space.")
2024-11-29 11:05:14,230	WARNING __init__.py:10 -- DT has/have been moved to `rllib_contrib` and will no longer be maintained by the RLlib team. You can still use it/them normally inside RLlib util Ray 2.8, but from Ray 2.9 on, all `rllib_contrib` algorithms will no longer be part of the core repo, and will therefore have to be installed separately with pinned dependencies for e.g. ray[rllib] and other packages! See https://github.com/ray-project/ray/tree/master/rllib_contrib#rllib-contrib for more information on the RLlib contrib effort.
2024-11-29 11:05:14,238	WARNING __init__.py:10 -- AlphaStar has/have been moved to `rllib_contrib` and will no longer be maintained by the RLlib team. You can still use it/them normally inside RLlib util Ray 2.8, but from Ray 2.9 on, all `rllib_contrib` algorithms will no longer be part of the core repo, and will therefore have to be installed separately with pinned dependencies for e.g. ray[rllib] and other packages! See https://github.com/ray-project/ray/tree/master/rllib_contrib#rllib-contrib for more information on the RLlib contrib effort.
2024-11-29 11:05:14,240	WARNING __init__.py:10 -- MADDDPG has/have been moved to `rllib_contrib` and will no longer be maintained by the RLlib team. You can still use it/them normally inside RLlib util Ray 2.8, but from Ray 2.9 on, all `rllib_contrib` algorithms will no longer be part of the core repo, and will therefore have to be installed separately with pinned dependencies for e.g. ray[rllib] and other packages! See https://github.com/ray-project/ray/tree/master/rllib_contrib#rllib-contrib for more information on the RLlib contrib effort.
2024-11-29 11:05:14,241	WARNING __init__.py:10 -- MAML has/have been moved to `rllib_contrib` and will no longer be maintained by the RLlib team. You can still use it/them normally inside RLlib util Ray 2.8, but from Ray 2.9 on, all `rllib_contrib` algorithms will no longer be part of the core repo, and will therefore have to be installed separately with pinned dependencies for e.g. ray[rllib] and other packages! See https://github.com/ray-project/ray/tree/master/rllib_contrib#rllib-contrib for more information on the RLlib contrib effort.
2024-11-29 11:05:14,244	WARNING __init__.py:10 -- MBMPO has/have been moved to `rllib_contrib` and will no longer be maintained by the RLlib team. You can still use it/them normally inside RLlib util Ray 2.8, but from Ray 2.9 on, all `rllib_contrib` algorithms will no longer be part of the core repo, and will therefore have to be installed separately with pinned dependencies for e.g. ray[rllib] and other packages! See https://github.com/ray-project/ray/tree/master/rllib_contrib#rllib-contrib for more information on the RLlib contrib effort.
2024-11-29 11:05:14,246	WARNING __init__.py:10 -- QMIX has/have been moved to `rllib_contrib` and will no longer be maintained by the RLlib team. You can still use it/them normally inside RLlib util Ray 2.8, but from Ray 2.9 on, all `rllib_contrib` algorithms will no longer be part of the core repo, and will therefore have to be installed separately with pinned dependencies for e.g. ray[rllib] and other packages! See https://github.com/ray-project/ray/tree/master/rllib_contrib#rllib-contrib for more information on the RLlib contrib effort.
2024-11-29 11:05:14,248	WARNING __init__.py:10 -- R2D2 has/have been moved to `rllib_contrib` and will no longer be maintained by the RLlib team. You can still use it/them normally inside RLlib util Ray 2.8, but from Ray 2.9 on, all `rllib_contrib` algorithms will no longer be part of the core repo, and will therefore have to be installed separately with pinned dependencies for e.g. ray[rllib] and other packages! See https://github.com/ray-project/ray/tree/master/rllib_contrib#rllib-contrib for more information on the RLlib contrib effort.
2024-11-29 11:05:14,251	WARNING __init__.py:10 -- SlateQ has/have been moved to `rllib_contrib` and will no longer be maintained by the RLlib team. You can still use it/them normally inside RLlib util Ray 2.8, but from Ray 2.9 on, all `rllib_contrib` algorithms will no longer be part of the core repo, and will therefore have to be installed separately with pinned dependencies for e.g. ray[rllib] and other packages! See https://github.com/ray-project/ray/tree/master/rllib_contrib#rllib-contrib for more information on the RLlib contrib effort.
2024-11-29 11:05:14,252	WARNING __init__.py:10 -- TD3 has/have been moved to `rllib_contrib` and will no longer be maintained by the RLlib team. You can still use it/them normally inside RLlib util Ray 2.8, but from Ray 2.9 on, all `rllib_contrib` algorithms will no longer be part of the core repo, and will therefore have to be installed separately with pinned dependencies for e.g. ray[rllib] and other packages! See https://github.com/ray-project/ray/tree/master/rllib_contrib#rllib-contrib for more information on the RLlib contrib effort.
2024-11-29 11:05:14,254	WARNING __init__.py:10 -- LeelaChessZero has/have been moved to `rllib_contrib` and will no longer be maintained by the RLlib team. You can still use it/them normally inside RLlib util Ray 2.8, but from Ray 2.9 on, all `rllib_contrib` algorithms will no longer be part of the core repo, and will therefore have to be installed separately with pinned dependencies for e.g. ray[rllib] and other packages! See https://github.com/ray-project/ray/tree/master/rllib_contrib#rllib-contrib for more information on the RLlib contrib effort.
[33m(raylet)[0m bash: /local/scratch/a/jshreeku/miniconda3/envs/project_env_rl/lib/libtinfo.so.6: no version information available (required by bash)
[36m(pid=147763)[0m 2024-11-29 11:05:16,887	WARNING __init__.py:10 -- DDPG has/have been moved to `rllib_contrib` and will no longer be maintained by the RLlib team. You can still use it/them normally inside RLlib util Ray 2.8, but from Ray 2.9 on, all `rllib_contrib` algorithms will no longer be part of the core repo, and will therefore have to be installed separately with pinned dependencies for e.g. ray[rllib] and other packages! See https://github.com/ray-project/ray/tree/master/rllib_contrib#rllib-contrib for more information on the RLlib contrib effort.
[36m(DDPG pid=147763)[0m 2024-11-29 11:05:16,891	WARNING deprecation.py:50 -- DeprecationWarning: `rllib/algorithms/ddpg/` has been deprecated. Use `rllib_contrib/ddpg/` instead. This will raise an error in the future!
[36m(DDPG pid=147763)[0m 2024-11-29 11:05:16,891	WARNING deprecation.py:50 -- DeprecationWarning: `rllib/algorithms/simple_q/` has been deprecated. Use `rllib_contrib/simple_q/` instead. This will raise an error in the future!
[33m(raylet)[0m bash: /local/scratch/a/jshreeku/miniconda3/envs/project_env_rl/lib/libtinfo.so.6: no version information available (required by bash)
[33m(raylet)[0m bash: /local/scratch/a/jshreeku/miniconda3/envs/project_env_rl/lib/libtinfo.so.6: no version information available (required by bash)
[33m(raylet)[0m bash: /local/scratch/a/jshreeku/miniconda3/envs/project_env_rl/lib/libtinfo.so.6: no version information available (required by bash)
[33m(raylet)[0m bash: /local/scratch/a/jshreeku/miniconda3/envs/project_env_rl/lib/libtinfo.so.6: no version information available (required by bash)
[33m(raylet)[0m bash: /local/scratch/a/jshreeku/miniconda3/envs/project_env_rl/lib/libtinfo.so.6: no version information available (required by bash)
[33m(raylet)[0m bash: /local/scratch/a/jshreeku/miniconda3/envs/project_env_rl/lib/libtinfo.so.6: no version information available (required by bash)
[33m(raylet)[0m bash: /local/scratch/a/jshreeku/miniconda3/envs/project_env_rl/lib/libtinfo.so.6: no version information available (required by bash)
[36m(RolloutWorker pid=149267)[0m /local/scratch/a/jshreeku/miniconda3/envs/project_env_rl/lib/python3.10/site-packages/pettingzoo/utils/conversions.py:144: UserWarning: The `observation_spaces` dictionary is deprecated. Use the `observation_space` function instead.
[36m(RolloutWorker pid=149267)[0m   warnings.warn(
[36m(RolloutWorker pid=149267)[0m /local/scratch/a/jshreeku/miniconda3/envs/project_env_rl/lib/python3.10/site-packages/pettingzoo/utils/conversions.py:158: UserWarning: The `action_spaces` dictionary is deprecated. Use the `action_space` function instead.
[36m(RolloutWorker pid=149267)[0m   warnings.warn(
Number of GPUS available:  2.0
Agents are limited in their observation, they can see with a radius of 0.7
Training DDPG model...
╭─────────────────────────────────────────────────────────────╮
│ Configuration for experiment     DDPG_2024-11-29_11-05-14   │
├─────────────────────────────────────────────────────────────┤
│ Search algorithm                 BasicVariantGenerator      │
│ Scheduler                        FIFOScheduler              │
│ Number of trials                 1                          │
╰─────────────────────────────────────────────────────────────╯

View detailed results here: /local/scratch/a/jshreeku/ece595_reinforcement_learning/results/ddpg_2_4_0_0.7_shaped_500_500iter/ddpg/DDPG_2024-11-29_11-05-14
To visualize your results with TensorBoard, run: `tensorboard --logdir /local/scratch/a/jshreeku/ece595_reinforcement_learning/results/ddpg_2_4_0_0.7_shaped_500_500iter/ddpg/DDPG_2024-11-29_11-05-14`

Trial status: 1 PENDING
Current time: 2024-11-29 11:05:14. Total running time: 0s
Logical resource usage: 8.0/8 CPUs, 0.4375/2 GPUs (0.0/1.0 accelerator_type:L40S)
╭───────────────────────────────────────────╮
│ Trial name                       status   │
├───────────────────────────────────────────┤
│ DDPG_simple_tag_v3_b7f1b_00000   PENDING  │
╰───────────────────────────────────────────╯

Trial DDPG_simple_tag_v3_b7f1b_00000 started with configuration:
╭───────────────────────────────────────────────────────────────────────────╮
│ Trial DDPG_simple_tag_v3_b7f1b_00000 config                               │
├───────────────────────────────────────────────────────────────────────────┤
│ _AlgorithmConfig__prior_exploration_config                                │
│ _disable_action_flattening                                          False │
│ _disable_execution_plan_api                                          True │
│ _disable_initialize_loss_from_dummy_batch                           False │
│ _disable_preprocessor_api                                           False │
│ _enable_learner_api                                                 False │
│ _enable_rl_module_api                                               False │
│ _fake_gpus                                                          False │
│ _is_atari                                                                 │
│ _learner_class                                                            │
│ _tf_policy_handles_more_than_one_loss                               False │
│ action_mask_key                                               action_mask │
│ action_space                                                              │
│ actions_in_input_normalized                                         False │
│ actor_hidden_activation                                              relu │
│ actor_hiddens                                                  [400, 300] │
│ actor_lr                                                            0.001 │
│ adam_epsilon                                                           0. │
│ always_attach_evaluation_results                                    False │
│ auto_wrap_old_gym_envs                                               True │
│ batch_mode                                              truncate_episodes │
│ callbacks                                            ...efaultCallbacks'> │
│ checkpoint_trainable_policies_only                                  False │
│ clip_actions                                                        False │
│ clip_rewards                                                              │
│ compress_observations                                               False │
│ count_steps_by                                                  env_steps │
│ create_env_on_driver                                                False │
│ critic_hidden_activation                                             relu │
│ critic_hiddens                                                 [400, 300] │
│ critic_lr                                                           0.005 │
│ custom_eval_function                                                      │
│ delay_between_worker_restarts_s                                       60. │
│ disable_env_checking                                                False │
│ eager_max_retraces                                                     20 │
│ eager_tracing                                                        True │
│ enable_async_evaluation                                             False │
│ enable_connectors                                                    True │
│ enable_tf1_exec_eagerly                                             False │
│ env                                                         simple_tag_v3 │
│ env_runner_cls                                                            │
│ env_task_fn                                                               │
│ evaluation_config/explore                                           False │
│ evaluation_duration                                                    10 │
│ evaluation_duration_unit                                         episodes │
│ evaluation_interval                                                       │
│ evaluation_num_workers                                                  0 │
│ evaluation_parallel_to_training                                     False │
│ evaluation_sample_timeout_s                                          180. │
│ exploration_config/final_scale                                       0.02 │
│ exploration_config/initial_scale                                      1.0 │
│ exploration_config/ou_base_scale                                      0.1 │
│ exploration_config/ou_sigma                                           0.2 │
│ exploration_config/ou_theta                                          0.15 │
│ exploration_config/random_timesteps                                  1000 │
│ exploration_config/scale_timesteps                                  10000 │
│ exploration_config/type                              ...einUhlenbeckNoise │
│ explore                                                              True │
│ export_native_model_files                                           False │
│ fake_sampler                                                        False │
│ framework                                                           torch │
│ gamma                                                                0.95 │
│ grad_clip                                                                 │
│ grad_clip_by                                                  global_norm │
│ huber_threshold                                                        1. │
│ ignore_worker_failures                                              False │
│ in_evaluation                                                       False │
│ input                                                             sampler │
│ keep_per_episode_custom_metrics                                     False │
│ l2_reg                                                                 0. │
│ local_gpu_idx                                                           0 │
│ local_tf_session_args/inter_op_parallelism_threads                      8 │
│ local_tf_session_args/intra_op_parallelism_threads                      8 │
│ log_level                                                            WARN │
│ log_sys_usage                                                        True │
│ logger_config                                                             │
│ logger_creator                                                            │
│ lr                                                                 0.0005 │
│ lr_schedule                                                               │
│ max_num_worker_restarts                                              1000 │
│ max_requests_in_flight_per_sampler_worker                               2 │
│ metrics_episode_collection_timeout_s                                  60. │
│ metrics_num_episodes_for_smoothing                                    100 │
│ min_sample_timesteps_per_iteration                                   1000 │
│ min_time_s_per_iteration                                                  │
│ min_train_timesteps_per_iteration                                       0 │
│ model/_disable_action_flattening                                    False │
│ model/_disable_preprocessor_api                                     False │
│ model/_time_major                                                   False │
│ model/_use_default_native_models                                       -1 │
│ model/always_check_shapes                                           False │
│ model/attention_dim                                                    64 │
│ model/attention_head_dim                                               32 │
│ model/attention_init_gru_gate_bias                                    2.0 │
│ model/attention_memory_inference                                       50 │
│ model/attention_memory_training                                        50 │
│ model/attention_num_heads                                               1 │
│ model/attention_num_transformer_units                                   1 │
│ model/attention_position_wise_mlp_dim                                  32 │
│ model/attention_use_n_prev_actions                                      0 │
│ model/attention_use_n_prev_rewards                                      0 │
│ model/conv_activation                                                relu │
│ model/conv_filters                                                        │
│ model/custom_action_dist                                                  │
│ model/custom_model                                                        │
│ model/custom_preprocessor                                                 │
│ model/dim                                                              84 │
│ model/encoder_latent_dim                                                  │
│ model/fcnet_activation                                               tanh │
│ model/fcnet_hiddens                                            [256, 256] │
│ model/framestack                                                     True │
│ model/free_log_std                                                  False │
│ model/grayscale                                                     False │
│ model/lstm_cell_size                                                  256 │
│ model/lstm_use_prev_action                                          False │
│ model/lstm_use_prev_action_reward                                      -1 │
│ model/lstm_use_prev_reward                                          False │
│ model/max_seq_len                                                      20 │
│ model/no_final_linear                                               False │
│ model/post_fcnet_activation                                          relu │
│ model/post_fcnet_hiddens                                               [] │
│ model/use_attention                                                 False │
│ model/use_lstm                                                      False │
│ model/vf_share_layers                                                True │
│ model/zero_mean                                                      True │
│ n_step                                                                  1 │
│ normalize_actions                                                    True │
│ num_consecutive_worker_failures_tolerance                             100 │
│ num_cpus_for_driver                                                     1 │
│ num_cpus_per_learner_worker                                             1 │
│ num_cpus_per_worker                                                     1 │
│ num_envs_per_worker                                                     1 │
│ num_gpus                                                                0 │
│ num_gpus_per_learner_worker                                             0 │
│ num_gpus_per_worker                                                0.0625 │
│ num_learner_workers                                                     0 │
│ num_steps_sampled_before_learning_starts                             1500 │
│ num_workers                                                             7 │
│ observation_filter                                               NoFilter │
│ observation_fn                                                            │
│ observation_space                                                         │
│ offline_sampling                                                    False │
│ ope_split_batch_by_episode                                           True │
│ output                                                                    │
│ output_compress_columns                                ['obs', 'new_obs'] │
│ output_max_file_size                                             67108864 │
│ placement_strategy                                                   PACK │
│ policies/adversary_0                                 ...,), float32), {}) │
│ policies/adversary_1                                 ...,), float32), {}) │
│ policies/adversary_2                                 ...,), float32), {}) │
│ policies/adversary_3                                 ...,), float32), {}) │
│ policies/agent_0                                     ...,), float32), {}) │
│ policies/agent_1                                     ...,), float32), {}) │
│ policies_to_train                                                         │
│ policy_delay                                                            1 │
│ policy_map_cache                                                       -1 │
│ policy_map_capacity                                                   100 │
│ policy_mapping_fn                                    ...t 0x7ff5edd8b9a0> │
│ policy_states_are_swappable                                         False │
│ postprocess_inputs                                                  False │
│ preprocessor_pref                                                deepmind │
│ recreate_failed_workers                                             False │
│ remote_env_batch_wait_ms                                                0 │
│ remote_worker_envs                                                  False │
│ render_env                                                          False │
│ replay_buffer_config/capacity                                       50000 │
│ replay_buffer_config/prioritized_replay                                -1 │
│ replay_buffer_config/prioritized_replay_alpha                         0.6 │
│ replay_buffer_config/prioritized_replay_beta                          0.4 │
│ replay_buffer_config/prioritized_replay_eps                         1e-06 │
│ replay_buffer_config/type                            ...tizedReplayBuffer │
│ replay_buffer_config/worker_side_prioritization                     False │
│ replay_sequence_length                                                    │
│ restart_failed_sub_environments                                     False │
│ rl_module_spec                                                            │
│ rollout_fragment_length                                              auto │
│ sample_async                                                        False │
│ sample_collector                                     ...leListCollector'> │
│ sampler_perf_stats_ema_coef                                               │
│ seed                                                                      │
│ shuffle_buffer_size                                                     0 │
│ simple_optimizer                                                       -1 │
│ smooth_target_policy                                                False │
│ store_buffer_in_checkpoints                                         False │
│ sync_filters_on_rollout_workers_timeout_s                             60. │
│ synchronize_filters                                                    -1 │
│ target_network_update_freq                                              0 │
│ target_noise                                                          0.2 │
│ target_noise_clip                                                     0.5 │
│ tau                                                                  0.01 │
│ tf_session_args/allow_soft_placement                                 True │
│ tf_session_args/device_count/CPU                                        1 │
│ tf_session_args/gpu_options/allow_growth                             True │
│ tf_session_args/inter_op_parallelism_threads                            2 │
│ tf_session_args/intra_op_parallelism_threads                            2 │
│ tf_session_args/log_device_placement                                False │
│ torch_compile_learner                                               False │
│ torch_compile_learner_dynamo_backend                             inductor │
│ torch_compile_learner_dynamo_mode                                         │
│ torch_compile_learner_what_to_compile                ...ile.FORWARD_TRAIN │
│ torch_compile_worker                                                False │
│ torch_compile_worker_dynamo_backend                                onnxrt │
│ torch_compile_worker_dynamo_mode                                          │
│ train_batch_size                                                     1024 │
│ training_intensity                                                        │
│ twin_q                                                              False │
│ update_worker_filter_stats                                           True │
│ use_huber                                                           False │
│ use_state_preprocessor                                              False │
│ use_worker_filter_stats                                              True │
│ validate_workers_after_construction                                  True │
│ worker_cls                                                             -1 │
│ worker_health_probe_timeout_s                                          60 │
│ worker_restore_timeout_s                                             1800 │
│ worker_side_prioritization                                             -1 │
╰───────────────────────────────────────────────────────────────────────────╯[36m(DDPG pid=147763)[0m Install gputil for GPU system monitoring.
[36m(RolloutWorker pid=149304)[0m 2024-11-29 11:05:19,704	WARNING __init__.py:10 -- DDPG has/have been moved to `rllib_contrib` and will no longer be maintained by the RLlib team. You can still use it/them normally inside RLlib util Ray 2.8, but from Ray 2.9 on, all `rllib_contrib` algorithms will no longer be part of the core repo, and will therefore have to be installed separately with pinned dependencies for e.g. ray[rllib] and other packages! See https://github.com/ray-project/ray/tree/master/rllib_contrib#rllib-contrib for more information on the RLlib contrib effort.[32m [repeated 7x across cluster] (Ray deduplicates logs by default. Set RAY_DEDUP_LOGS=0 to disable log deduplication, or see https://docs.ray.io/en/master/ray-observability/ray-logging.html#log-deduplication for more options.)[0m
[36m(DDPG pid=147763)[0m 2024-11-29 11:05:28,934	WARNING deprecation.py:50 -- DeprecationWarning: `ray.rllib.execution.train_ops.train_one_step` has been deprecated. This will raise an error in the future!
[36m(RolloutWorker pid=149304)[0m /local/scratch/a/jshreeku/miniconda3/envs/project_env_rl/lib/python3.10/site-packages/pettingzoo/utils/conversions.py:144: UserWarning: The `observation_spaces` dictionary is deprecated. Use the `observation_space` function instead.[32m [repeated 6x across cluster][0m
[36m(RolloutWorker pid=149304)[0m   warnings.warn([32m [repeated 12x across cluster][0m
[36m(RolloutWorker pid=149304)[0m /local/scratch/a/jshreeku/miniconda3/envs/project_env_rl/lib/python3.10/site-packages/pettingzoo/utils/conversions.py:158: UserWarning: The `action_spaces` dictionary is deprecated. Use the `action_space` function instead.[32m [repeated 6x across cluster][0m


Trial status: 1 RUNNING
Current time: 2024-11-29 11:05:44. Total running time: 30s
Logical resource usage: 8.0/8 CPUs, 0.4375/2 GPUs (0.0/1.0 accelerator_type:L40S)
╭───────────────────────────────────────────────────────────────────────────────────────────────────────────────────────────────────────────────────────────────────────────────────╮
│ Trial name                       status       iter     total time (s)     ts     reward     episode_reward_max     episode_reward_min     episode_len_mean     episodes_this_iter │
├───────────────────────────────────────────────────────────────────────────────────────────────────────────────────────────────────────────────────────────────────────────────────┤
│ DDPG_simple_tag_v3_b7f1b_00000   RUNNING         1            4.18225   1001        nan                    nan                    nan                  nan                      0 │
╰───────────────────────────────────────────────────────────────────────────────────────────────────────────────────────────────────────────────────────────────────────────────────╯
Trial status: 1 RUNNING
Current time: 2024-11-29 11:06:14. Total running time: 1min 0s
Logical resource usage: 8.0/8 CPUs, 0.4375/2 GPUs (0.0/1.0 accelerator_type:L40S)
╭───────────────────────────────────────────────────────────────────────────────────────────────────────────────────────────────────────────────────────────────────────────────────╮
│ Trial name                       status       iter     total time (s)     ts     reward     episode_reward_max     episode_reward_min     episode_len_mean     episodes_this_iter │
├───────────────────────────────────────────────────────────────────────────────────────────────────────────────────────────────────────────────────────────────────────────────────┤
│ DDPG_simple_tag_v3_b7f1b_00000   RUNNING         2            49.6206   2002        nan                    nan                    nan                  nan                      0 │
╰───────────────────────────────────────────────────────────────────────────────────────────────────────────────────────────────────────────────────────────────────────────────────╯
Trial status: 1 RUNNING
Current time: 2024-11-29 11:06:44. Total running time: 1min 30s
Logical resource usage: 8.0/8 CPUs, 0.4375/2 GPUs (0.0/1.0 accelerator_type:L40S)
╭───────────────────────────────────────────────────────────────────────────────────────────────────────────────────────────────────────────────────────────────────────────────────╮
│ Trial name                       status       iter     total time (s)     ts     reward     episode_reward_max     episode_reward_min     episode_len_mean     episodes_this_iter │
├───────────────────────────────────────────────────────────────────────────────────────────────────────────────────────────────────────────────────────────────────────────────────┤
│ DDPG_simple_tag_v3_b7f1b_00000   RUNNING         2            49.6206   2002        nan                    nan                    nan                  nan                      0 │
╰───────────────────────────────────────────────────────────────────────────────────────────────────────────────────────────────────────────────────────────────────────────────────╯
Trial status: 1 RUNNING
Current time: 2024-11-29 11:07:14. Total running time: 2min 0s
Logical resource usage: 8.0/8 CPUs, 0.4375/2 GPUs (0.0/1.0 accelerator_type:L40S)
╭───────────────────────────────────────────────────────────────────────────────────────────────────────────────────────────────────────────────────────────────────────────────────╮
│ Trial name                       status       iter     total time (s)     ts     reward     episode_reward_max     episode_reward_min     episode_len_mean     episodes_this_iter │
├───────────────────────────────────────────────────────────────────────────────────────────────────────────────────────────────────────────────────────────────────────────────────┤
│ DDPG_simple_tag_v3_b7f1b_00000   RUNNING         2            49.6206   2002        nan                    nan                    nan                  nan                      0 │
╰───────────────────────────────────────────────────────────────────────────────────────────────────────────────────────────────────────────────────────────────────────────────────╯
Trial status: 1 RUNNING
Current time: 2024-11-29 11:07:44. Total running time: 2min 30s
Logical resource usage: 8.0/8 CPUs, 0.4375/2 GPUs (0.0/1.0 accelerator_type:L40S)
╭───────────────────────────────────────────────────────────────────────────────────────────────────────────────────────────────────────────────────────────────────────────────────╮
│ Trial name                       status       iter     total time (s)     ts     reward     episode_reward_max     episode_reward_min     episode_len_mean     episodes_this_iter │
├───────────────────────────────────────────────────────────────────────────────────────────────────────────────────────────────────────────────────────────────────────────────────┤
│ DDPG_simple_tag_v3_b7f1b_00000   RUNNING         3            136.082   3003        nan                    nan                    nan                  nan                      0 │
╰───────────────────────────────────────────────────────────────────────────────────────────────────────────────────────────────────────────────────────────────────────────────────╯
Trial status: 1 RUNNING
Current time: 2024-11-29 11:08:14. Total running time: 3min 0s
Logical resource usage: 8.0/8 CPUs, 0.4375/2 GPUs (0.0/1.0 accelerator_type:L40S)
╭───────────────────────────────────────────────────────────────────────────────────────────────────────────────────────────────────────────────────────────────────────────────────╮
│ Trial name                       status       iter     total time (s)     ts     reward     episode_reward_max     episode_reward_min     episode_len_mean     episodes_this_iter │
├───────────────────────────────────────────────────────────────────────────────────────────────────────────────────────────────────────────────────────────────────────────────────┤
│ DDPG_simple_tag_v3_b7f1b_00000   RUNNING         3            136.082   3003        nan                    nan                    nan                  nan                      0 │
╰───────────────────────────────────────────────────────────────────────────────────────────────────────────────────────────────────────────────────────────────────────────────────╯
Trial status: 1 RUNNING
Current time: 2024-11-29 11:08:44. Total running time: 3min 30s
Logical resource usage: 8.0/8 CPUs, 0.4375/2 GPUs (0.0/1.0 accelerator_type:L40S)
╭───────────────────────────────────────────────────────────────────────────────────────────────────────────────────────────────────────────────────────────────────────────────────╮
│ Trial name                       status       iter     total time (s)     ts     reward     episode_reward_max     episode_reward_min     episode_len_mean     episodes_this_iter │
├───────────────────────────────────────────────────────────────────────────────────────────────────────────────────────────────────────────────────────────────────────────────────┤
│ DDPG_simple_tag_v3_b7f1b_00000   RUNNING         3            136.082   3003        nan                    nan                    nan                  nan                      0 │
╰───────────────────────────────────────────────────────────────────────────────────────────────────────────────────────────────────────────────────────────────────────────────────╯
Trial status: 1 RUNNING
Current time: 2024-11-29 11:09:14. Total running time: 4min 0s
Logical resource usage: 8.0/8 CPUs, 0.4375/2 GPUs (0.0/1.0 accelerator_type:L40S)
╭───────────────────────────────────────────────────────────────────────────────────────────────────────────────────────────────────────────────────────────────────────────────────╮
│ Trial name                       status       iter     total time (s)     ts     reward     episode_reward_max     episode_reward_min     episode_len_mean     episodes_this_iter │
├───────────────────────────────────────────────────────────────────────────────────────────────────────────────────────────────────────────────────────────────────────────────────┤
│ DDPG_simple_tag_v3_b7f1b_00000   RUNNING         4            223.037   4004   -6852.54               -5811.22               -8070.47                  500                      7 │
╰───────────────────────────────────────────────────────────────────────────────────────────────────────────────────────────────────────────────────────────────────────────────────╯
Trial status: 1 RUNNING
Current time: 2024-11-29 11:09:44. Total running time: 4min 30s
Logical resource usage: 8.0/8 CPUs, 0.4375/2 GPUs (0.0/1.0 accelerator_type:L40S)
╭───────────────────────────────────────────────────────────────────────────────────────────────────────────────────────────────────────────────────────────────────────────────────╮
│ Trial name                       status       iter     total time (s)     ts     reward     episode_reward_max     episode_reward_min     episode_len_mean     episodes_this_iter │
├───────────────────────────────────────────────────────────────────────────────────────────────────────────────────────────────────────────────────────────────────────────────────┤
│ DDPG_simple_tag_v3_b7f1b_00000   RUNNING         4            223.037   4004   -6852.54               -5811.22               -8070.47                  500                      7 │
╰───────────────────────────────────────────────────────────────────────────────────────────────────────────────────────────────────────────────────────────────────────────────────╯
Trial status: 1 RUNNING
Current time: 2024-11-29 11:10:14. Total running time: 5min 0s
Logical resource usage: 8.0/8 CPUs, 0.4375/2 GPUs (0.0/1.0 accelerator_type:L40S)
╭───────────────────────────────────────────────────────────────────────────────────────────────────────────────────────────────────────────────────────────────────────────────────╮
│ Trial name                       status       iter     total time (s)     ts     reward     episode_reward_max     episode_reward_min     episode_len_mean     episodes_this_iter │
├───────────────────────────────────────────────────────────────────────────────────────────────────────────────────────────────────────────────────────────────────────────────────┤
│ DDPG_simple_tag_v3_b7f1b_00000   RUNNING         4            223.037   4004   -6852.54               -5811.22               -8070.47                  500                      7 │
╰───────────────────────────────────────────────────────────────────────────────────────────────────────────────────────────────────────────────────────────────────────────────────╯
Trial status: 1 RUNNING
Current time: 2024-11-29 11:10:44. Total running time: 5min 30s
Logical resource usage: 8.0/8 CPUs, 0.4375/2 GPUs (0.0/1.0 accelerator_type:L40S)
╭───────────────────────────────────────────────────────────────────────────────────────────────────────────────────────────────────────────────────────────────────────────────────╮
│ Trial name                       status       iter     total time (s)     ts     reward     episode_reward_max     episode_reward_min     episode_len_mean     episodes_this_iter │
├───────────────────────────────────────────────────────────────────────────────────────────────────────────────────────────────────────────────────────────────────────────────────┤
│ DDPG_simple_tag_v3_b7f1b_00000   RUNNING         5            311.049   5005   -6852.54               -5811.22               -8070.47                  500                      0 │
╰───────────────────────────────────────────────────────────────────────────────────────────────────────────────────────────────────────────────────────────────────────────────────╯
Trial status: 1 RUNNING
Current time: 2024-11-29 11:11:14. Total running time: 6min 0s
Logical resource usage: 8.0/8 CPUs, 0.4375/2 GPUs (0.0/1.0 accelerator_type:L40S)
╭───────────────────────────────────────────────────────────────────────────────────────────────────────────────────────────────────────────────────────────────────────────────────╮
│ Trial name                       status       iter     total time (s)     ts     reward     episode_reward_max     episode_reward_min     episode_len_mean     episodes_this_iter │
├───────────────────────────────────────────────────────────────────────────────────────────────────────────────────────────────────────────────────────────────────────────────────┤
│ DDPG_simple_tag_v3_b7f1b_00000   RUNNING         5            311.049   5005   -6852.54               -5811.22               -8070.47                  500                      0 │
╰───────────────────────────────────────────────────────────────────────────────────────────────────────────────────────────────────────────────────────────────────────────────────╯
Trial status: 1 RUNNING
Current time: 2024-11-29 11:11:44. Total running time: 6min 30s
Logical resource usage: 8.0/8 CPUs, 0.4375/2 GPUs (0.0/1.0 accelerator_type:L40S)
[33m(raylet)[0m [2024-11-29 11:12:18,124 E 146761 146797] (raylet) file_system_monitor.cc:111: /tmp/ray/session_2024-11-29_11-05-12_039189_145130 is over 95% full, available space: 162312192; capacity: 3247439872. Object creation will fail if spilling is required.
[33m(raylet)[0m [2024-11-29 11:12:28,131 E 146761 146797] (raylet) file_system_monitor.cc:111: /tmp/ray/session_2024-11-29_11-05-12_039189_145130 is over 95% full, available space: 162152448; capacity: 3247439872. Object creation will fail if spilling is required.
